<?xml version="1.0" encoding="UTF-8"?>
<!-- Generated by org.testng.reporters.JUnitXMLReporter -->
<testsuite ignored="4" hostname="DESKTOP-931JVP2" failures="0" tests="0" time="0.234" errors="0" timestamp="2025-02-15T22:18:01 IST">
  <testcase classname="genericUtility.BaseClass" name="@BeforeSuite dbConnecivity" time="0.0">
    <ignored/>
  </testcase> <!-- @BeforeSuite dbConnecivity -->
  <testcase classname="testCaseRepo.TC_001" name="LEAD_001" time="0.0">
    <ignored/>
  </testcase> <!-- LEAD_001 -->
  <testcase classname="testCaseRepo.TC_002" name="LEAD_002" time="0.0">
    <ignored/>
  </testcase> <!-- LEAD_002 -->
  <testcase classname="genericUtility.BaseClass" name="@AfterSuite exitDBConnectivity" time="0.0">
    <ignored/>
  </testcase> <!-- @AfterSuite exitDBConnectivity -->
</testsuite>
