<?xml version="1.0" encoding="UTF-8"?>
<testng-results ignored="0" total="0" passed="0" failed="0" skipped="0">
  <reporter-output>
  </reporter-output>
  <suite started-at="2025-02-15T22:18:01 IST" name="Suite" finished-at="2025-02-15T22:18:01 IST" duration-ms="234">
    <groups>
    </groups>
    <test started-at="2025-02-15T22:18:01 IST" name="Test" finished-at="2025-02-15T22:18:01 IST" duration-ms="234">
      <class name="testCaseRepo.TC_001">
        <test-method is-config="true" signature="dbConnecivity()[pri:0, instance:testCaseRepo.TC_001@7a8c8dcf]" started-at="2025-02-15T22:18:01 IST" name="dbConnecivity" finished-at="2025-02-15T22:18:01 IST" duration-ms="11" status="PASS">
          <reporter-output>
          </reporter-output>
        </test-method> <!-- dbConnecivity -->
        <test-method is-config="true" signature="exitDBConnectivity()[pri:0, instance:testCaseRepo.TC_001@7a8c8dcf]" started-at="2025-02-15T22:18:02 IST" name="exitDBConnectivity" finished-at="2025-02-15T22:18:02 IST" duration-ms="1" status="PASS">
          <reporter-output>
          </reporter-output>
        </test-method> <!-- exitDBConnectivity -->
      </class> <!-- testCaseRepo.TC_001 -->
    </test> <!-- Test -->
  </suite> <!-- Suite -->
</testng-results>
